<?xml version="1.0" encoding="UTF-8"?>
<testsuite name="deques.ArrayListDequeTests" tests="24" skipped="0" failures="0" errors="0" timestamp="2024-07-03T06:06:47" hostname="zhengshuyideMacBook-Air.local" time="0.29">
  <properties/>
  <testcase name="getEachAfterAddToOppositeEndsReturnsCorrectElements()" classname="deques.ArrayListDequeTests" time="0.06"/>
  <testcase name="removeWhenEmptyReturnsNull()" classname="deques.ArrayListDequeTests" time="0.007"/>
  <testcase name="anotherConfusingTest()" classname="deques.ArrayListDequeTests" time="0.001"/>
  <testcase name="bandaidTest()" classname="deques.ArrayListDequeTests" time="0.002"/>
  <testcase name="sizeWhenEmptyIsZero()" classname="deques.ArrayListDequeTests" time="0.004"/>
  <testcase name="confusingTest()" classname="deques.ArrayListDequeTests" time="0.002"/>
  <testcase name="getPositiveIndexWhenEmptyReturnsNull()" classname="deques.ArrayListDequeTests" time="0.001"/>
  <testcase name="removeAfterAddBooleanReturnsCorrectBoolean()" classname="deques.ArrayListDequeTests" time="0.002"/>
  <testcase name="getIndexZeroWithOneElementReturnsElement()" classname="deques.ArrayListDequeTests" time="0.002"/>
  <testcase name="usingMultipleDequesSimultaneouslyDoesNotCauseInterference()" classname="deques.ArrayListDequeTests" time="0.002"/>
  <testcase name="removeAfterAddToOppositeEndsReturnsCorrectElement()" classname="deques.ArrayListDequeTests" time="0.003"/>
  <testcase name="removeAfterAddDoubleReturnsCorrectDouble()" classname="deques.ArrayListDequeTests" time="0.004"/>
  <testcase name="removeAfterAddStringReturnsCorrectString()" classname="deques.ArrayListDequeTests" time="0.007"/>
  <testcase name="bandaidTest2()" classname="deques.ArrayListDequeTests" time="0.004"/>
  <testcase name="getIndexZeroWhenEmptyReturnsNull()" classname="deques.ArrayListDequeTests" time="0.006"/>
  <testcase name="sizeAfterRemoveAfterAddToOppositeEndsIsOne()" classname="deques.ArrayListDequeTests" time="0.002"/>
  <testcase name="addToEmptyDoesNotThrowException()" classname="deques.ArrayListDequeTests" time="0.002"/>
  <testcase name="getEachAfterAddManyToSameSideReturnsCorrectElements()" classname="deques.ArrayListDequeTests" time="0.002"/>
  <testcase name="removeAfterAddOneElementToSameSideReturnsElement()" classname="deques.ArrayListDequeTests" time="0.013"/>
  <testcase name="sizeAfterAddToOppositeEndsIsTwo()" classname="deques.ArrayListDequeTests" time="0.007"/>
  <testcase name="removeAfterRemoveAfterAddToOppositeEndsReturnsCorrectElement()" classname="deques.ArrayListDequeTests" time="0.005"/>
  <testcase name="sizeWithOneElementIsOne()" classname="deques.ArrayListDequeTests" time="0.025"/>
  <testcase name="removeAfterAddOneElementToOppositeSideReturnsElement()" classname="deques.ArrayListDequeTests" time="0.002"/>
  <testcase name="getNegativeIndexWhenEmptyReturnsNull()" classname="deques.ArrayListDequeTests" time="0.002"/>
  <system-out><![CDATA[]]></system-out>
  <system-err><![CDATA[]]></system-err>
</testsuite>
