<?xml version="1.0" encoding="UTF-8"?>
<testsuite name="seamfinding.AdjacencyListSeamFinderTests$UsingToposortDAGSolver" tests="18" skipped="0" failures="0" errors="0" timestamp="2024-06-17T06:12:59" hostname="Rohans-MacBook-Air-7.local" time="2.455">
  <properties/>
  <testcase name="[1] HJoceanSmall" classname="seamfinding.AdjacencyListSeamFinderTests$UsingToposortDAGSolver" time="1.368"/>
  <testcase name="[2] stripes" classname="seamfinding.AdjacencyListSeamFinderTests$UsingToposortDAGSolver" time="0.031"/>
  <testcase name="[3] diagonals" classname="seamfinding.AdjacencyListSeamFinderTests$UsingToposortDAGSolver" time="0.016"/>
  <testcase name="[4] diag_test" classname="seamfinding.AdjacencyListSeamFinderTests$UsingToposortDAGSolver" time="0.016"/>
  <testcase name="[5] chameleon" classname="seamfinding.AdjacencyListSeamFinderTests$UsingToposortDAGSolver" time="0.877"/>
  <testcase name="[6] 12x10" classname="seamfinding.AdjacencyListSeamFinderTests$UsingToposortDAGSolver" time="0.018"/>
  <testcase name="[7] 10x12" classname="seamfinding.AdjacencyListSeamFinderTests$UsingToposortDAGSolver" time="0.008"/>
  <testcase name="[8] 10x10" classname="seamfinding.AdjacencyListSeamFinderTests$UsingToposortDAGSolver" time="0.008"/>
  <testcase name="[9] 8x3" classname="seamfinding.AdjacencyListSeamFinderTests$UsingToposortDAGSolver" time="0.014"/>
  <testcase name="[10] 7x10" classname="seamfinding.AdjacencyListSeamFinderTests$UsingToposortDAGSolver" time="0.007"/>
  <testcase name="[11] 7x3" classname="seamfinding.AdjacencyListSeamFinderTests$UsingToposortDAGSolver" time="0.004"/>
  <testcase name="[12] 6x5" classname="seamfinding.AdjacencyListSeamFinderTests$UsingToposortDAGSolver" time="0.013"/>
  <testcase name="[13] 5x6" classname="seamfinding.AdjacencyListSeamFinderTests$UsingToposortDAGSolver" time="0.011"/>
  <testcase name="[14] 4x6" classname="seamfinding.AdjacencyListSeamFinderTests$UsingToposortDAGSolver" time="0.004"/>
  <testcase name="[15] 3x8" classname="seamfinding.AdjacencyListSeamFinderTests$UsingToposortDAGSolver" time="0.004"/>
  <testcase name="[16] 3x7" classname="seamfinding.AdjacencyListSeamFinderTests$UsingToposortDAGSolver" time="0.004"/>
  <testcase name="[17] 3x4" classname="seamfinding.AdjacencyListSeamFinderTests$UsingToposortDAGSolver" time="0.004"/>
  <testcase name="[18] 3x3" classname="seamfinding.AdjacencyListSeamFinderTests$UsingToposortDAGSolver" time="0.005"/>
  <system-out><![CDATA[]]></system-out>
  <system-err><![CDATA[]]></system-err>
</testsuite>
