<?xml version="1.0" encoding="UTF-8"?>
<testsuite name="deques.DequeTests$RuntimeExperiments" tests="1" skipped="0" failures="0" errors="0" timestamp="2024-06-28T23:19:31" hostname="zhengshuyideMacBook-Air.local" time="0.363">
  <properties/>
  <testcase name="add()" classname="deques.DequeTests$RuntimeExperiments" time="0.363"/>
  <system-out><![CDATA[100,668.88
200,683.362
300,226.459
400,737.38
500,726.44
600,220.257
700,342.686
800,190.402
900,190.787
1000,235.144
1100,202.146
1200,206.235
1300,128.123
1400,1062.943
1500,469.44
1600,398.449
1700,161.939
1800,392.099
1900,161.123
2000,155.612
2100,132.407
2200,473.583
2300,203.404
2400,165.378
2500,207.848
2600,346.386
2700,207.86
2800,151.382
2900,79.947
3000,86.766
3100,163.547
3200,92.157
3300,83.587
3400,75.971
3500,78.374
3600,77.191
3700,3158.85
3800,87.07
3900,91.879
4000,60.095
4100,877.646
4200,71.682
4300,246.659
4400,104.727
4500,185.243
4600,75.717
4700,81.874
4800,118.131
4900,60.945
5000,84.159
5100,87.639
5200,77.423
5300,87.581
5400,88.739
5500,157.37
5600,78.338
5700,236.003
5800,90.509
5900,82.492
6000,79.95
6100,100.441
6200,80.425
6300,82.463
6400,135.019
6500,59.776
6600,78.391
6700,81.182
6800,61.148
6900,91.93
7000,75.126
7100,103.48
7200,77.123
7300,83.301
7400,1039.783
7500,64.333
7600,81.558
7700,88.653
7800,79.756
7900,76.974
8000,121.928
8100,203.352
8200,140.239
8300,90.693
8400,186.962
8500,136.435
8600,103.917
8700,81.953
8800,158.991
8900,123.694
9000,110.922
9100,83.231
9200,135.001
9300,116.931
9400,193.097
9500,127.768
9600,314.649
9700,117.562
9800,118.849
9900,209.874
10000,110.203
10100,110.124
10200,117.774
10300,273.137
10400,115.226
10500,114.483
10600,116.899
10700,163.832
10800,123.488
10900,2751.518
11000,122.764
11100,113.249
11200,114.047
11300,117.671
11400,103.542
11500,122.548
11600,108.652
11700,551.12
11800,150.083
11900,134.438
12000,109.953
12100,117.355
12200,145.513
12300,114.929
12400,105.393
12500,109.216
12600,120.274
12700,115.767
12800,133.072
12900,125.972
13000,132.171
13100,237.778
13200,509.386
13300,128.484
13400,76.175
13500,83.072
13600,86.526
13700,87.209
13800,77.632
13900,95.837
14000,109.542
14100,80.952
14200,107.239
14300,87.366
14400,79.963
14500,87.989
14600,123.953
14700,79.904
14800,150.788
14900,87.122
15000,70.051
15100,97.666
15200,92.795
15300,97.103
15400,323.861
15500,96.2
15600,95.387
15700,449.551
15800,98.162
15900,97.793
16000,89.555
16100,692.898
16200,87.816
16300,133.991
16400,101.242
16500,151.783
16600,93.199
16700,177.847
16800,132.033
16900,139.832
17000,413.651
17100,147.947
17200,92.232
17300,62.177
17400,266.548
17500,66.305
17600,68.11
17700,61.448
17800,59.819
17900,57.401
18000,87.122
18100,65.3
18200,66.614
18300,197.501
18400,66.163
18500,67.488
18600,171.071
18700,557.966
18800,76.164
18900,66.184
19000,61.494
19100,63.801
19200,65.116
19300,68.128
19400,71.037
19500,59.344
19600,63.466
19700,61.992
19800,70.182
19900,68.379
20000,65.584
]]></system-out>
  <system-err><![CDATA[]]></system-err>
</testsuite>
