<?xml version="1.0" encoding="UTF-8"?>
<testsuite name="deques.DequeTests$RuntimeExperiments" tests="1" skipped="1" failures="0" errors="0" timestamp="2024-07-03T06:06:48" hostname="zhengshuyideMacBook-Air.local" time="0.001">
  <properties/>
  <testcase name="removeFirst()" classname="deques.DequeTests$RuntimeExperiments" time="0.001">
    <skipped/>
  </testcase>
  <system-out><![CDATA[]]></system-out>
  <system-err><![CDATA[]]></system-err>
</testsuite>
