<?xml version="1.0" encoding="UTF-8"?>
<testsuite name="seamfinding.SeamFinderTests$RuntimeExperiments" tests="5" skipped="5" failures="0" errors="0" timestamp="2024-06-17T06:13:01" hostname="Rohans-MacBook-Air-7.local" time="6.445">
  <properties/>
  <testcase name="randomPictures()" classname="seamfinding.SeamFinderTests$RuntimeExperiments" time="0.0">
    <skipped/>
  </testcase>
  <testcase name="randomPictures()" classname="seamfinding.SeamFinderTests$RuntimeExperiments" time="0.0">
    <skipped/>
  </testcase>
  <testcase name="randomPictures()" classname="seamfinding.SeamFinderTests$RuntimeExperiments" time="0.0">
    <skipped/>
  </testcase>
  <testcase name="randomPictures()" classname="seamfinding.SeamFinderTests$RuntimeExperiments" time="0.0">
    <skipped/>
  </testcase>
  <testcase name="randomPictures()" classname="seamfinding.SeamFinderTests$RuntimeExperiments" time="0.0">
    <skipped/>
  </testcase>
  <system-out><![CDATA[]]></system-out>
  <system-err><![CDATA[]]></system-err>
</testsuite>
